<?xml version="1.0" encoding="UTF-8"?>
<!-- Generated by org.testng.reporters.JUnitReportReporter -->
<testsuite hostname="DESKTOP-OB24OKI" failures="0" tests="2" name="com.way2.Regression.TestCase4" time="0.006" errors="0" timestamp="2020-01-09T23:19:26 MEZ" skipped="0">
  <testcase classname="com.way2.Regression.TestCase4" name="displayResults" time="0.004"/>
  <testcase classname="com.way2.Regression.TestCase4" name="doSearch" time="0.002"/>
</testsuite> <!-- com.way2.Regression.TestCase4 -->
