<?xml version="1.0" encoding="UTF-8"?>
<!-- Generated by org.testng.reporters.JUnitReportReporter -->
<testsuite hostname="DESKTOP-OB24OKI" failures="0" tests="7" name="parameterization.TestParameterization" time="0.030" errors="0" timestamp="2020-01-11T22:29:35 MEZ" skipped="0">
  <testcase classname="parameterization.TestParameterization" name="doLogin" time="0.012"/>
  <testcase classname="parameterization.TestParameterization" name="doLogin" time="0.006"/>
  <testcase classname="parameterization.TestParameterization" name="doLogin" time="0.002"/>
  <testcase classname="parameterization.TestParameterization" name="userReg" time="0.003"/>
  <testcase classname="parameterization.TestParameterization" name="login" time="0.002"/>
  <testcase classname="parameterization.TestParameterization" name="login" time="0.003"/>
  <testcase classname="parameterization.TestParameterization" name="userReg" time="0.002"/>
</testsuite> <!-- parameterization.TestParameterization -->
