<?xml version="1.0" encoding="UTF-8"?>
<!-- Generated by org.testng.reporters.JUnitReportReporter -->
<testsuite hostname="DESKTOP-OB24OKI" failures="0" tests="6" name="parallelTest.ParallelTest" time="70.063" errors="0" timestamp="2020-01-12T10:27:25 MEZ" skipped="0">
  <testcase classname="parallelTest.ParallelTest" name="launch" time="11.380"/>
  <testcase classname="parallelTest.ParallelTest" name="launch" time="11.381"/>
  <testcase classname="parallelTest.ParallelTest" name="launch" time="11.974"/>
  <testcase classname="parallelTest.ParallelTest" name="launch" time="11.973"/>
  <testcase classname="parallelTest.ParallelTest" name="launch" time="11.379"/>
  <testcase classname="parallelTest.ParallelTest" name="launch" time="11.976"/>
</testsuite> <!-- parallelTest.ParallelTest -->
