<?xml version="1.0" encoding="UTF-8"?>
<!-- Generated by org.testng.reporters.JUnitReportReporter -->
<testsuite hostname="DESKTOP-OB24OKI" failures="0" tests="2" name="parameterization.TestParameterizationXML" time="0.015" errors="0" timestamp="2020-01-12T13:24:58 MEZ" skipped="0">
  <testcase classname="parameterization.TestParameterizationXML" name="login" time="0.002"/>
  <testcase classname="parameterization.TestParameterizationXML" name="login" time="0.013"/>
</testsuite> <!-- parameterization.TestParameterizationXML -->
