<?xml version="1.0" encoding="UTF-8"?>
<!-- Generated by org.testng.reporters.JUnitReportReporter -->
<testsuite hostname="DESKTOP-OB24OKI" failures="0" tests="2" name="com.way2.TestNGExample.testcases.TestCase1" time="0.008" errors="0" timestamp="2020-01-16T20:07:14 MEZ" skipped="0">
  <testcase classname="com.way2.TestNGExample.testcases.TestCase1" name="validateCustomerReqs" time="0.002"/>
  <testcase classname="com.way2.TestNGExample.testcases.TestCase1" name="compareCustomerResults" time="0.006"/>
</testsuite> <!-- com.way2.TestNGExample.testcases.TestCase1 -->
